<?xml version="1.0" encoding="UTF-8"?><testsuite errors="0" failures="0" name="com.studentweek15.studentinfo.StudentCURDTest" skipped="0" tests="4" time="5.61" timestamp="2023-03-01T21:46:01.922Z[Europe/London]"><testcase classname="com.studentweek15.studentinfo.StudentCURDTest" name="This will create a new student"/><testcase classname="com.studentweek15.studentinfo.StudentCURDTest" name="Verify if student was created"/><testcase classname="com.studentweek15.studentinfo.StudentCURDTest" name="Update the user and verify the updated information"/><testcase classname="com.studentweek15.studentinfo.StudentCURDTest" name="Delete the student and verify if the student is deleted"/></testsuite>