<?xml version="1.0" encoding="UTF-8"?><testsuite errors="0" failures="0" name="com.studentweek15.studentinfo.StudentCURDTestSteps" skipped="0" tests="4" time="5.78" timestamp="2023-03-01T21:45:42.108Z[Europe/London]"><testcase classname="com.studentweek15.studentinfo.StudentCURDTestSteps" name="This will create a new student"/><testcase classname="com.studentweek15.studentinfo.StudentCURDTestSteps" name="verify if student is created"/><testcase classname="com.studentweek15.studentinfo.StudentCURDTestSteps" name="update the user information"/><testcase classname="com.studentweek15.studentinfo.StudentCURDTestSteps" name="Delete student info by StudentID and verify its deleted"/></testsuite>